[0m17:03:04.257095 [debug] [MainThread]: Sending event: {'category': 'dbt', 'action': 'invocation', 'label': 'start', 'context': [<snowplow_tracker.self_describing_json.SelfDescribingJson object at 0x109aba7b0>, <snowplow_tracker.self_describing_json.SelfDescribingJson object at 0x10a5ccf50>, <snowplow_tracker.self_describing_json.SelfDescribingJson object at 0x10ac67ed0>]}


============================== 17:03:04.259419 | bc273923-6889-4806-92bf-6fd82cb43e4f ==============================
[0m17:03:04.259419 [info ] [MainThread]: Running with dbt=1.11.6
[0m17:03:04.259685 [debug] [MainThread]: running dbt with arguments {'fail_fast': 'False', 'printer_width': '80', 'target_path': 'None', 'log_cache_events': 'False', 'use_colors': 'True', 'write_json': 'True', 'debug': 'False', 'send_anonymous_usage_stats': 'True', 'warn_error_options': 'WarnErrorOptionsV2(error=[], warn=[], silence=[])', 'warn_error': 'None', 'version_check': 'True', 'no_print': 'None', 'log_path': 'logs', 'use_experimental_parser': 'False', 'indirect_selection': 'eager', 'empty': 'None', 'introspect': 'True', 'invocation_command': 'dbt init dbt_project', 'log_format': 'default', 'quiet': 'False', 'static_parser': 'True', 'cache_selected_only': 'False', 'partial_parse': 'True', 'profiles_dir': '/Users/sandeshshrivastava/.dbt'}
[0m17:03:04.263823 [info ] [MainThread]: Creating dbt configuration folder at /Users/sandeshshrivastava/.dbt
[0m17:03:04.264536 [debug] [MainThread]: Starter project path: /Library/Frameworks/Python.framework/Versions/3.13/lib/python3.13/site-packages/dbt/include/starter_project
[0m17:03:04.267688 [info ] [MainThread]: 
Your new dbt project "dbt_project" was created!

For more information on how to configure the profiles.yml file,
please consult the dbt documentation here:

  https://docs.getdbt.com/docs/configure-your-profile

One more thing:

Need help? Don't hesitate to reach out to us via GitHub issues or on Slack:

  https://community.getdbt.com/

Happy modeling!

[0m17:03:04.267875 [info ] [MainThread]: Setting up your profile.
[0m17:09:38.484642 [info ] [MainThread]: Profile dbt_project written to /Users/sandeshshrivastava/.dbt/profiles.yml using target's profile_template.yml and your supplied values. Run 'dbt debug' to validate the connection.
[0m17:09:38.522919 [debug] [MainThread]: Resource report: {"command_name": "init", "command_success": true, "command_wall_clock_time": 394.29413, "process_in_blocks": "0", "process_kernel_time": 0.1599, "process_mem_max_rss": "162283520", "process_out_blocks": "0", "process_user_time": 1.136896}
[0m17:09:38.523640 [debug] [MainThread]: Command `dbt init` succeeded at 17:09:38.523511 after 394.30 seconds
[0m17:09:38.524143 [debug] [MainThread]: Sending event: {'category': 'dbt', 'action': 'invocation', 'label': 'end', 'context': [<snowplow_tracker.self_describing_json.SelfDescribingJson object at 0x10bd95f30>, <snowplow_tracker.self_describing_json.SelfDescribingJson object at 0x10ab78ef0>, <snowplow_tracker.self_describing_json.SelfDescribingJson object at 0x10ad16cf0>]}
[0m17:09:38.524628 [debug] [MainThread]: Flushing usage events
[0m17:09:42.045941 [debug] [MainThread]: An error was encountered while trying to flush usage events
[0m17:32:20.488796 [debug] [MainThread]: Sending event: {'category': 'dbt', 'action': 'invocation', 'label': 'start', 'context': [<snowplow_tracker.self_describing_json.SelfDescribingJson object at 0x10bffe7b0>, <snowplow_tracker.self_describing_json.SelfDescribingJson object at 0x10cb10f50>, <snowplow_tracker.self_describing_json.SelfDescribingJson object at 0x10d1a7ed0>]}


============================== 17:32:20.491231 | 354843e6-22a4-49a6-b74a-908f2a792f54 ==============================
[0m17:32:20.491231 [info ] [MainThread]: Running with dbt=1.11.6
[0m17:32:20.491492 [debug] [MainThread]: running dbt with arguments {'profiles_dir': '/Users/sandeshshrivastava/.dbt', 'log_format': 'default', 'indirect_selection': 'eager', 'send_anonymous_usage_stats': 'True', 'log_cache_events': 'False', 'quiet': 'False', 'no_print': 'None', 'write_json': 'True', 'static_parser': 'True', 'warn_error_options': 'WarnErrorOptionsV2(error=[], warn=[], silence=[])', 'use_experimental_parser': 'False', 'use_colors': 'True', 'target_path': 'None', 'empty': 'None', 'fail_fast': 'False', 'cache_selected_only': 'False', 'version_check': 'True', 'log_path': 'logs', 'warn_error': 'None', 'partial_parse': 'True', 'invocation_command': 'dbt debug', 'debug': 'False', 'introspect': 'True', 'printer_width': '80'}
[0m17:32:20.499570 [info ] [MainThread]: dbt version: 1.11.6
[0m17:32:20.499750 [info ] [MainThread]: python version: 3.13.2
[0m17:32:20.499866 [info ] [MainThread]: python path: /Library/Frameworks/Python.framework/Versions/3.13/bin/python3.13
[0m17:32:20.499975 [info ] [MainThread]: os info: macOS-26.3-arm64-arm-64bit-Mach-O
[0m17:32:20.704117 [info ] [MainThread]: Using profiles dir at /Users/sandeshshrivastava/.dbt
[0m17:32:20.704349 [info ] [MainThread]: Using profiles.yml file at /Users/sandeshshrivastava/.dbt/profiles.yml
[0m17:32:20.704480 [info ] [MainThread]: Using dbt_project.yml file at /Users/sandeshshrivastava/analytics_platform/intelligent_analytics_platform/dbt_project.yml
[0m17:32:20.704691 [info ] [MainThread]: adapter type: athena
[0m17:32:20.704804 [info ] [MainThread]: adapter version: 1.10.0
[0m17:32:20.704927 [info ] [MainThread]: Configuration:
[0m17:32:20.705022 [info ] [MainThread]:   profiles.yml file [[32mOK found and valid[0m]
[0m17:32:20.705115 [info ] [MainThread]:   dbt_project.yml file [[31mERROR not found[0m]
[0m17:32:20.705205 [info ] [MainThread]: Required dependencies:
[0m17:32:20.705332 [debug] [MainThread]: Executing "git --help"
[0m17:32:20.719185 [debug] [MainThread]: STDOUT: "b"usage: git [-v | --version] [-h | --help] [-C <path>] [-c <name>=<value>]\n           [--exec-path[=<path>]] [--html-path] [--man-path] [--info-path]\n           [-p | --paginate | -P | --no-pager] [--no-replace-objects] [--no-lazy-fetch]\n           [--no-optional-locks] [--no-advice] [--bare] [--git-dir=<path>]\n           [--work-tree=<path>] [--namespace=<name>] [--config-env=<name>=<envvar>]\n           <command> [<args>]\n\nThese are common Git commands used in various situations:\n\nstart a working area (see also: git help tutorial)\n   clone      Clone a repository into a new directory\n   init       Create an empty Git repository or reinitialize an existing one\n\nwork on the current change (see also: git help everyday)\n   add        Add file contents to the index\n   mv         Move or rename a file, a directory, or a symlink\n   restore    Restore working tree files\n   rm         Remove files from the working tree and from the index\n\nexamine the history and state (see also: git help revisions)\n   bisect     Use binary search to find the commit that introduced a bug\n   diff       Show changes between commits, commit and working tree, etc\n   grep       Print lines matching a pattern\n   log        Show commit logs\n   show       Show various types of objects\n   status     Show the working tree status\n\ngrow, mark and tweak your common history\n   backfill   Download missing objects in a partial clone\n   branch     List, create, or delete branches\n   commit     Record changes to the repository\n   merge      Join two or more development histories together\n   rebase     Reapply commits on top of another base tip\n   reset      Set `HEAD` or the index to a known state\n   switch     Switch branches\n   tag        Create, list, delete or verify tags\n\ncollaborate (see also: git help workflows)\n   fetch      Download objects and refs from another repository\n   pull       Fetch from and integrate with another repository or a local branch\n   push       Update remote refs along with associated objects\n\n'git help -a' and 'git help -g' list available subcommands and some\nconcept guides. See 'git help <command>' or 'git help <concept>'\nto read about a specific subcommand or concept.\nSee 'git help git' for an overview of the system.\n""
[0m17:32:20.719611 [debug] [MainThread]: STDERR: "b''"
[0m17:32:20.719738 [info ] [MainThread]:  - git [[32mOK found[0m]

[0m17:32:20.719865 [info ] [MainThread]: Connection:
[0m17:32:20.719990 [info ] [MainThread]:   s3_staging_dir: s3://intelligent-analytics-athena-results
[0m17:32:20.720118 [info ] [MainThread]:   work_group: None
[0m17:32:20.720211 [info ] [MainThread]:   skip_workgroup_check: False
[0m17:32:20.720303 [info ] [MainThread]:   region_name: eu-north-1
[0m17:32:20.720391 [info ] [MainThread]:   database: olist
[0m17:32:20.720482 [info ] [MainThread]:   schema: raw_olist
[0m17:32:20.720575 [info ] [MainThread]:   poll_interval: 1.0
[0m17:32:20.720699 [info ] [MainThread]:   aws_profile_name: None
[0m17:32:20.720791 [info ] [MainThread]:   aws_access_key_id: AKIA6EHJES67ZLIPDLUL
[0m17:32:20.720997 [info ] [MainThread]:   endpoint_url: None
[0m17:32:20.721139 [info ] [MainThread]:   s3_data_dir: s3://intelligent-analytics-bucket/olist/raw/
[0m17:32:20.721251 [info ] [MainThread]:   s3_data_naming: schema_table_unique
[0m17:32:20.721360 [info ] [MainThread]:   s3_tmp_table_dir: None
[0m17:32:20.721456 [info ] [MainThread]:   debug_query_state: False
[0m17:32:20.721552 [info ] [MainThread]:   seed_s3_upload_args: None
[0m17:32:20.721643 [info ] [MainThread]:   lf_tags_database: None
[0m17:32:20.721735 [info ] [MainThread]:   spark_work_group: None
[0m17:32:20.722029 [info ] [MainThread]: Registered adapter: athena=1.10.0
[0m17:32:20.760354 [debug] [MainThread]: Acquiring new athena connection 'debug'
[0m17:32:20.760670 [debug] [MainThread]: Using athena connection "debug"
[0m17:32:20.760784 [debug] [MainThread]: On debug: select 1 as id
[0m17:32:20.760879 [debug] [MainThread]: Opening a new connection, currently in state init
[0m17:32:22.128496 [debug] [MainThread]: dbt.adapters.athena.constants adapter: Athena query ID 8473196f-a97d-42de-b19c-e49453ef31f8
[0m17:32:24.251179 [debug] [MainThread]: SQL status: OK -1 in 3.490 seconds
[0m17:32:24.253884 [debug] [MainThread]: On debug: Close
[0m17:32:24.254468 [info ] [MainThread]:   Connection test: [[32mOK connection ok[0m]

[0m17:32:24.255062 [info ] [MainThread]: [31m1 check failed:[0m
[0m17:32:24.255514 [info ] [MainThread]: Project loading failed for the following reason:
 project path </Users/sandeshshrivastava/analytics_platform/intelligent_analytics_platform/dbt_project.yml> not found

[0m17:32:24.263276 [debug] [MainThread]: Resource report: {"command_name": "debug", "command_success": false, "command_wall_clock_time": 3.802121, "process_in_blocks": "0", "process_kernel_time": 0.190766, "process_mem_max_rss": "187088896", "process_out_blocks": "0", "process_user_time": 1.217081}
[0m17:32:24.264095 [debug] [MainThread]: Command `dbt debug` failed at 17:32:24.263953 after 3.80 seconds
[0m17:32:24.264546 [debug] [MainThread]: Connection 'debug' was properly closed.
[0m17:32:24.264977 [debug] [MainThread]: Sending event: {'category': 'dbt', 'action': 'invocation', 'label': 'end', 'context': [<snowplow_tracker.self_describing_json.SelfDescribingJson object at 0x10ee756e0>, <snowplow_tracker.self_describing_json.SelfDescribingJson object at 0x1130a43b0>, <snowplow_tracker.self_describing_json.SelfDescribingJson object at 0x10e22ce20>]}
[0m17:32:24.265862 [debug] [MainThread]: Flushing usage events
[0m17:32:25.578550 [debug] [MainThread]: An error was encountered while trying to flush usage events
